<?xml version="1.0" encoding="UTF-8"?>
<!-- Generated by org.testng.reporters.JUnitXMLReporter -->
<testsuite ignored="0" hostname="DESKTOP-RRVA329" failures="0" tests="4" name="Default test" time="4.796" errors="0" timestamp="2024-07-24T22:46:12 EDT">
  <testcase classname="api.testcases.UserTest" name="testcreateUser" time="3.204"/>
  <testcase classname="api.testcases.UserTest" name="testgetUserData" time="0.414"/>
  <testcase classname="api.testcases.UserTest" name="testupdateUser" time="0.399"/>
  <testcase classname="api.testcases.UserTest" name="testdeleteUser" time="0.353"/>
</testsuite> <!-- Default test -->
