<?xml version="1.0" encoding="UTF-8"?>
<testng-results ignored="0" total="4" passed="4" failed="0" skipped="0">
  <reporter-output>
  </reporter-output>
  <suite started-at="2024-07-24T22:46:07 EDT" name="Default suite" finished-at="2024-07-24T22:46:12 EDT" duration-ms="4796">
    <groups>
    </groups>
    <test started-at="2024-07-24T22:46:07 EDT" name="Default test" finished-at="2024-07-24T22:46:12 EDT" duration-ms="4796">
      <class name="api.testcases.UserTest">
        <test-method is-config="true" signature="generateCreateUserData()[pri:0, instance:api.testcases.UserTest@4afcd809]" started-at="2024-07-24T22:46:07 EDT" name="generateCreateUserData" finished-at="2024-07-24T22:46:07 EDT" duration-ms="310" status="PASS">
          <reporter-output>
          </reporter-output>
        </test-method> <!-- generateCreateUserData -->
        <test-method signature="testcreateUser()[pri:1, instance:api.testcases.UserTest@4afcd809]" started-at="2024-07-24T22:46:07 EDT" name="testcreateUser" finished-at="2024-07-24T22:46:10 EDT" duration-ms="3204" status="PASS">
          <reporter-output>
          </reporter-output>
        </test-method> <!-- testcreateUser -->
        <test-method signature="testgetUserData()[pri:2, instance:api.testcases.UserTest@4afcd809]" started-at="2024-07-24T22:46:10 EDT" name="testgetUserData" finished-at="2024-07-24T22:46:11 EDT" duration-ms="414" status="PASS">
          <reporter-output>
          </reporter-output>
        </test-method> <!-- testgetUserData -->
        <test-method signature="testupdateUser()[pri:3, instance:api.testcases.UserTest@4afcd809]" started-at="2024-07-24T22:46:11 EDT" name="testupdateUser" finished-at="2024-07-24T22:46:11 EDT" duration-ms="399" status="PASS">
          <reporter-output>
          </reporter-output>
        </test-method> <!-- testupdateUser -->
        <test-method signature="testdeleteUser()[pri:4, instance:api.testcases.UserTest@4afcd809]" started-at="2024-07-24T22:46:11 EDT" name="testdeleteUser" finished-at="2024-07-24T22:46:12 EDT" duration-ms="353" status="PASS">
          <reporter-output>
          </reporter-output>
        </test-method> <!-- testdeleteUser -->
      </class> <!-- api.testcases.UserTest -->
    </test> <!-- Default test -->
  </suite> <!-- Default suite -->
</testng-results>
